Using pre-set license
Built from 'trunk' branch; Version is '2020.2.0b2 (90b2443a8df1) revision 9482820'; Using compiler version '192528614'; Build Type 'Release'
OS: 'Windows 10  (10.0.0) 64bit' Language: 'en' Physical Memory: 32699 MB
BatchMode: 1, IsHumanControllingUs: 0, StartBugReporterOnCrash: 0, Is64bit: 1, IsPro: 0

 COMMAND LINE ARGUMENTS:
C:\Program Files\Unity\Hub\Editor\2020.2.0b2\Editor\Unity.exe
-adb2
-batchMode
-noUpm
-name
AssetImportWorker0
-projectPath
C:/Users/Alberto/Repos/Animator
-logFile
Logs/AssetImportWorker0.log
-srvPort
61574
Successfully changed project path to: C:/Users/Alberto/Repos/Animator
C:/Users/Alberto/Repos/Animator
Using Asset Import Pipeline V2.
Refreshing native plugins compatible for Editor in 23.07 ms, found 0 plugins.
Preloading 0 native plugins for Editor in 0.00 ms.
Initialize engine version: 2020.2.0b2 (90b2443a8df1)
[Subsystems] Discovering subsystems at path C:/Program Files/Unity/Hub/Editor/2020.2.0b2/Editor/Data/Resources/UnitySubsystems
[Subsystems] Discovering subsystems at path C:/Users/Alberto/Repos/Animator/Assets
GfxDevice: creating device client; threaded=0
Direct3D:
    Version:  Direct3D 11.0 [level 11.1]
    Renderer: NVIDIA GeForce RTX 2070 (ID=0x1f07)
    Vendor:   
    VRAM:     8031 MB
    Driver:   27.21.14.5206
Initialize mono
Mono path[0] = 'C:/Program Files/Unity/Hub/Editor/2020.2.0b2/Editor/Data/Managed'
Mono path[1] = 'C:/Program Files/Unity/Hub/Editor/2020.2.0b2/Editor/Data/MonoBleedingEdge/lib/mono/unityjit'
Mono config path = 'C:/Program Files/Unity/Hub/Editor/2020.2.0b2/Editor/Data/MonoBleedingEdge/etc'
Using monoOptions --debugger-agent=transport=dt_socket,embedding=1,server=y,suspend=n,address=127.0.0.1:56812
Begin MonoManager ReloadAssembly
Registering precompiled unity dll's ...
Register platform support module: C:/Program Files/Unity/Hub/Editor/2020.2.0b2/Editor/Data/PlaybackEngines/WebGLSupport/UnityEditor.WebGL.Extensions.dll
Register platform support module: C:/Program Files/Unity/Hub/Editor/2020.2.0b2/Editor/Data/PlaybackEngines/MacStandaloneSupport/UnityEditor.OSXStandalone.Extensions.dll
Register platform support module: C:/Program Files/Unity/Hub/Editor/2020.2.0b2/Editor/Data/PlaybackEngines/WindowsStandaloneSupport/UnityEditor.WindowsStandalone.Extensions.dll
Register platform support module: C:/Program Files/Unity/Hub/Editor/2020.2.0b2/Editor/Data/PlaybackEngines/LinuxStandaloneSupport/UnityEditor.LinuxStandalone.Extensions.dll
Registered in 0.003736 seconds.
Native extension for LinuxStandalone target not found
Native extension for WindowsStandalone target not found
Native extension for OSXStandalone target not found
Native extension for WebGL target not found
Refreshing native plugins compatible for Editor in 19.06 ms, found 0 plugins.
Preloading 0 native plugins for Editor in 0.00 ms.
Invoked RoslynAnalysisRunner static constructor.
RoslynAnalysisRunner will not be running.
RoslynAnalysisRunner has terminated.
Mono: successfully reloaded assembly
- Completed reload, in  1.551 seconds
Registering precompiled user dll's ...
Registered in 0.040706 seconds.
Platform modules already initialized, skipping
Begin MonoManager ReloadAssembly
Symbol file LoadedFromMemory doesn't match image C:\Users\Alberto\Repos\Animator\Library\PackageCache\com.unity.ext.nunit@1.0.0\net35\unity-custom\nunit.framework.dll
Native extension for LinuxStandalone target not found
Native extension for WindowsStandalone target not found
Native extension for OSXStandalone target not found
Native extension for WebGL target not found
Refreshing native plugins compatible for Editor in 0.19 ms, found 0 plugins.
Preloading 0 native plugins for Editor in 0.00 ms.
Invoked RoslynAnalysisRunner static constructor.
RoslynAnalysisRunner will not be running.
RoslynAnalysisRunner has terminated.
Mono: successfully reloaded assembly
- Completed reload, in  0.663 seconds
Platform modules already initialized, skipping
========================================================================
Worker process is ready to serve import requests
Launched and connected shader compiler UnityShaderCompiler.exe after 0.04 seconds
Refreshing native plugins compatible for Editor in 0.29 ms, found 0 plugins.
Preloading 0 native plugins for Editor in 0.00 ms.
Unloading 1114 Unused Serialized files (Serialized files now loaded: 0)
System memory in use before: 58.3 MB.
System memory in use after: 58.3 MB.

Unloading 5 unused Assets to reduce memory usage. Loaded Objects now: 1554.
Total: 1.565700 ms (FindLiveObjects: 0.302100 ms CreateObjectMapping: 0.053100 ms MarkObjects: 1.161100 ms  DeleteObjects: 0.048700 ms)

========================================================================
Received Import Request.
  path: Assets/Scenes/SampleScene.unity
  artifactKey: Guid(9fc0d4010bbf28b4594072e72b8655ab) Importer(815301076,1909f56bfc062723c751e8b465ee728b)
Start importing Assets/Scenes/SampleScene.unity using Guid(9fc0d4010bbf28b4594072e72b8655ab) Importer(815301076,1909f56bfc062723c751e8b465ee728b)  -> (artifact id: '39f51af9961a1511e6c8c9dfcccfd5b4') in 0.013059 seconds
  Import took 0.014938 seconds .

========================================================================
Received Import Request.
  Time since last request: 21.235998 seconds.
  path: Assets/ExplosiveLLC/SuperCharacterController
  artifactKey: Guid(4704c89c54beeac4c9bf1a9cdb9df149) Importer(815301076,1909f56bfc062723c751e8b465ee728b)
Start importing Assets/ExplosiveLLC/SuperCharacterController using Guid(4704c89c54beeac4c9bf1a9cdb9df149) Importer(815301076,1909f56bfc062723c751e8b465ee728b)  -> (artifact id: '8d2728f516581bbdad30ce47552ce0b2') in 0.005498 seconds
  Import took 0.007399 seconds .

========================================================================
Received Import Request.
  Time since last request: 0.000986 seconds.
  path: Assets/ExplosiveLLC/SuperCharacterController
  artifactKey: Guid(4704c89c54beeac4c9bf1a9cdb9df149) Importer(815301076,1909f56bfc062723c751e8b465ee728b)
Start importing Assets/ExplosiveLLC/SuperCharacterController using Guid(4704c89c54beeac4c9bf1a9cdb9df149) Importer(815301076,1909f56bfc062723c751e8b465ee728b)  -> (artifact id: '8d2728f516581bbdad30ce47552ce0b2') in 0.002520 seconds
  Import took 0.004547 seconds .

========================================================================
Received Import Request.
  Time since last request: 2.523346 seconds.
  path: Assets/ExplosiveLLC/RPG Character Animation Pack FREE
  artifactKey: Guid(b1c9ce867e55e6b489b0360147f7272c) Importer(815301076,1909f56bfc062723c751e8b465ee728b)
Start importing Assets/ExplosiveLLC/RPG Character Animation Pack FREE using Guid(b1c9ce867e55e6b489b0360147f7272c) Importer(815301076,1909f56bfc062723c751e8b465ee728b)  -> (artifact id: '410131d8ece4703d58ef0d235a18525e') in 0.007713 seconds
  Import took 0.009582 seconds .

========================================================================
Received Import Request.
  Time since last request: 2.420606 seconds.
  path: Assets/ExplosiveLLC/RPG Character Animation Pack FREE/InputManager.preset
  artifactKey: Guid(bb1301e9cf28f3341ba3b035599020a8) Importer(815301076,1909f56bfc062723c751e8b465ee728b)
Start importing Assets/ExplosiveLLC/RPG Character Animation Pack FREE/InputManager.preset using Guid(bb1301e9cf28f3341ba3b035599020a8) Importer(815301076,1909f56bfc062723c751e8b465ee728b)  -> (artifact id: '9961423a8abcad9e6c54de3f0e885562') in 0.031992 seconds
  Import took 0.033868 seconds .

========================================================================
Received Import Request.
  Time since last request: 7.963663 seconds.
  path: Assets/ExplosiveLLC/RPG Character Animation Pack FREE/LayerManager.preset
  artifactKey: Guid(12f15f1f4558826499b32c04b5d1b909) Importer(815301076,1909f56bfc062723c751e8b465ee728b)
Start importing Assets/ExplosiveLLC/RPG Character Animation Pack FREE/LayerManager.preset using Guid(12f15f1f4558826499b32c04b5d1b909) Importer(815301076,1909f56bfc062723c751e8b465ee728b)  -> (artifact id: 'fd719cb057ceef13729f12b52884770a') in 0.006055 seconds
  Import took 0.007979 seconds .

========================================================================
Received Prepare
Reloading mono domain
Begin MonoManager ReloadAssembly
Registering precompiled unity dll's ...
Register platform support module: C:/Program Files/Unity/Hub/Editor/2020.2.0b2/Editor/Data/PlaybackEngines/WebGLSupport/UnityEditor.WebGL.Extensions.dll
Register platform support module: C:/Program Files/Unity/Hub/Editor/2020.2.0b2/Editor/Data/PlaybackEngines/MacStandaloneSupport/UnityEditor.OSXStandalone.Extensions.dll
Register platform support module: C:/Program Files/Unity/Hub/Editor/2020.2.0b2/Editor/Data/PlaybackEngines/WindowsStandaloneSupport/UnityEditor.WindowsStandalone.Extensions.dll
Register platform support module: C:/Program Files/Unity/Hub/Editor/2020.2.0b2/Editor/Data/PlaybackEngines/LinuxStandaloneSupport/UnityEditor.LinuxStandalone.Extensions.dll
Registered in 0.002312 seconds.
Symbol file LoadedFromMemory doesn't match image C:\Users\Alberto\Repos\Animator\Library\PackageCache\com.unity.ext.nunit@1.0.0\net35\unity-custom\nunit.framework.dll
Native extension for LinuxStandalone target not found
Native extension for WindowsStandalone target not found
Native extension for OSXStandalone target not found
Native extension for WebGL target not found
Refreshing native plugins compatible for Editor in 19.91 ms, found 0 plugins.
Preloading 0 native plugins for Editor in 0.00 ms.
Invoked RoslynAnalysisRunner static constructor.
RoslynAnalysisRunner will not be running.
RoslynAnalysisRunner has terminated.
Mono: successfully reloaded assembly
- Completed reload, in  0.683 seconds
Registering precompiled user dll's ...
Registered in 0.037831 seconds.
Platform modules already initialized, skipping
Begin MonoManager ReloadAssembly
Symbol file LoadedFromMemory doesn't match image C:\Users\Alberto\Repos\Animator\Library\PackageCache\com.unity.ext.nunit@1.0.0\net35\unity-custom\nunit.framework.dll
Native extension for LinuxStandalone target not found
Native extension for WindowsStandalone target not found
Native extension for OSXStandalone target not found
Native extension for WebGL target not found
Refreshing native plugins compatible for Editor in 0.30 ms, found 0 plugins.
Preloading 0 native plugins for Editor in 0.00 ms.
Invoked RoslynAnalysisRunner static constructor.
RoslynAnalysisRunner will not be running.
RoslynAnalysisRunner has terminated.
Mono: successfully reloaded assembly
- Completed reload, in  0.697 seconds
Platform modules already initialized, skipping
Refreshing native plugins compatible for Editor in 0.20 ms, found 0 plugins.
Preloading 0 native plugins for Editor in 0.00 ms.
Unloading 6 Unused Serialized files (Serialized files now loaded: 0)
System memory in use before: 36.6 MB.
System memory in use after: 36.7 MB.

Unloading 32 unused Assets to reduce memory usage. Loaded Objects now: 1531.
Total: 1.818100 ms (FindLiveObjects: 0.234000 ms CreateObjectMapping: 0.039000 ms MarkObjects: 1.492500 ms  DeleteObjects: 0.051300 ms)

========================================================================
Received Import Request.
  Time since last request: 238.927394 seconds.
  path: Assets/Kevin Iglesias
  artifactKey: Guid(f755192533adcf940936e70406dcbbf2) Importer(815301076,1909f56bfc062723c751e8b465ee728b)
Start importing Assets/Kevin Iglesias using Guid(f755192533adcf940936e70406dcbbf2) Importer(815301076,1909f56bfc062723c751e8b465ee728b)  -> (artifact id: '110b0363b7a1925f1146185b2af08c38') in 0.007476 seconds
  Import took 0.009736 seconds .

========================================================================
Received Import Request.
  Time since last request: 0.001914 seconds.
  path: Assets/Kevin Iglesias
  artifactKey: Guid(f755192533adcf940936e70406dcbbf2) Importer(815301076,1909f56bfc062723c751e8b465ee728b)
Start importing Assets/Kevin Iglesias using Guid(f755192533adcf940936e70406dcbbf2) Importer(815301076,1909f56bfc062723c751e8b465ee728b)  -> (artifact id: '110b0363b7a1925f1146185b2af08c38') in 0.002589 seconds
  Import took 0.004378 seconds .

========================================================================
Received Import Request.
  Time since last request: 0.704180 seconds.
  path: Assets/Kevin Iglesias/Basic Motions Pack
  artifactKey: Guid(2cb279c410b7a3e4dbf4aab42283effa) Importer(815301076,1909f56bfc062723c751e8b465ee728b)
Start importing Assets/Kevin Iglesias/Basic Motions Pack using Guid(2cb279c410b7a3e4dbf4aab42283effa) Importer(815301076,1909f56bfc062723c751e8b465ee728b)  -> (artifact id: '13b6d76068942aea9d739c37e14e098e') in 0.006313 seconds
  Import took 0.008257 seconds .

========================================================================
Received Import Request.
  Time since last request: 0.000603 seconds.
  path: Assets/Kevin Iglesias/Basic Motions Pack
  artifactKey: Guid(2cb279c410b7a3e4dbf4aab42283effa) Importer(815301076,1909f56bfc062723c751e8b465ee728b)
Start importing Assets/Kevin Iglesias/Basic Motions Pack using Guid(2cb279c410b7a3e4dbf4aab42283effa) Importer(815301076,1909f56bfc062723c751e8b465ee728b)  -> (artifact id: '13b6d76068942aea9d739c37e14e098e') in 0.002640 seconds
  Import took 0.004347 seconds .

========================================================================
Received Import Request.
  Time since last request: 1.339447 seconds.
  path: Assets/Kevin Iglesias/Basic Motions Pack/Basic Motions Pack - Scene.unity
  artifactKey: Guid(4c590ac6dfcb50f4bb316b95c8f008bb) Importer(815301076,1909f56bfc062723c751e8b465ee728b)
Start importing Assets/Kevin Iglesias/Basic Motions Pack/Basic Motions Pack - Scene.unity using Guid(4c590ac6dfcb50f4bb316b95c8f008bb) Importer(815301076,1909f56bfc062723c751e8b465ee728b)  -> (artifact id: '1c7711099c3eaedc76d1d865ab1d73a4') in 0.012874 seconds
  Import took 0.014670 seconds .

========================================================================
Received Import Request.
  Time since last request: 378.303378 seconds.
  path: Assets/Kevin Iglesias/Basic Motions Pack/AnimationControllers/BasicMotions@Idle.controller
  artifactKey: Guid(a8555c0cff30527479e32562cef9141f) Importer(815301076,1909f56bfc062723c751e8b465ee728b)
Start importing Assets/Kevin Iglesias/Basic Motions Pack/AnimationControllers/BasicMotions@Idle.controller using Guid(a8555c0cff30527479e32562cef9141f) Importer(815301076,1909f56bfc062723c751e8b465ee728b)  -> (artifact id: '9cb8a6d38e6592de3ea96e406d4aebac') in 0.013190 seconds
  Import took 0.015646 seconds .

========================================================================
Received Import Request.
  Time since last request: 0.941429 seconds.
  path: Assets/Kevin Iglesias/Basic Motions Pack/AnimationControllers/BasicMotions@Jump.controller
  artifactKey: Guid(54ff599963ec97843ad4d4ddeeb61810) Importer(815301076,1909f56bfc062723c751e8b465ee728b)
Start importing Assets/Kevin Iglesias/Basic Motions Pack/AnimationControllers/BasicMotions@Jump.controller using Guid(54ff599963ec97843ad4d4ddeeb61810) Importer(815301076,1909f56bfc062723c751e8b465ee728b)  -> (artifact id: '5432e19af5ad390b02651ff0e7f194a0') in 0.008065 seconds
  Import took 0.010065 seconds .

========================================================================
Received Import Request.
  Time since last request: 0.000181 seconds.
  path: Assets/Kevin Iglesias/Basic Motions Pack/AnimationControllers/BasicMotions@Jump.controller
  artifactKey: Guid(54ff599963ec97843ad4d4ddeeb61810) Importer(815301076,1909f56bfc062723c751e8b465ee728b)
Start importing Assets/Kevin Iglesias/Basic Motions Pack/AnimationControllers/BasicMotions@Jump.controller using Guid(54ff599963ec97843ad4d4ddeeb61810) Importer(815301076,1909f56bfc062723c751e8b465ee728b)  -> (artifact id: '5432e19af5ad390b02651ff0e7f194a0') in 0.004826 seconds
  Import took 0.006704 seconds .

========================================================================
Received Import Request.
  Time since last request: 0.690798 seconds.
  path: Assets/Kevin Iglesias/Basic Motions Pack/AnimationControllers/BasicMotions@RunBackwards.controller
  artifactKey: Guid(b685c37357fd51347943d79847b19701) Importer(815301076,1909f56bfc062723c751e8b465ee728b)
Start importing Assets/Kevin Iglesias/Basic Motions Pack/AnimationControllers/BasicMotions@RunBackwards.controller using Guid(b685c37357fd51347943d79847b19701) Importer(815301076,1909f56bfc062723c751e8b465ee728b)  -> (artifact id: '9d1daaaab254389ea5df2924a58cb99f') in 0.006980 seconds
  Import took 0.009015 seconds .

========================================================================
Received Import Request.
  Time since last request: 0.979357 seconds.
  path: Assets/Kevin Iglesias/Basic Motions Pack/AnimationControllers/BasicMotions@Walk.controller
  artifactKey: Guid(75d3a58b3d7879f41926561701407a48) Importer(815301076,1909f56bfc062723c751e8b465ee728b)
Start importing Assets/Kevin Iglesias/Basic Motions Pack/AnimationControllers/BasicMotions@Walk.controller using Guid(75d3a58b3d7879f41926561701407a48) Importer(815301076,1909f56bfc062723c751e8b465ee728b)  -> (artifact id: '2559d2a857795a3ab1343efc656fbc1c') in 0.006951 seconds
  Import took 0.009304 seconds .

========================================================================
Received Import Request.
  Time since last request: 0.483040 seconds.
  path: Assets/Kevin Iglesias/Basic Motions Pack/AnimationControllers/BasicMotions@Sprint.controller
  artifactKey: Guid(6cc513001c84c714baa94b6d24a332c4) Importer(815301076,1909f56bfc062723c751e8b465ee728b)
Start importing Assets/Kevin Iglesias/Basic Motions Pack/AnimationControllers/BasicMotions@Sprint.controller using Guid(6cc513001c84c714baa94b6d24a332c4) Importer(815301076,1909f56bfc062723c751e8b465ee728b)  -> (artifact id: '4a718fffe0f227d03b9eead501e6d9cf') in 0.007497 seconds
  Import took 0.009800 seconds .

========================================================================
Received Import Request.
  Time since last request: 0.001037 seconds.
  path: Assets/Kevin Iglesias/Basic Motions Pack/AnimationControllers/BasicMotions@Sprint.controller
  artifactKey: Guid(6cc513001c84c714baa94b6d24a332c4) Importer(815301076,1909f56bfc062723c751e8b465ee728b)
Start importing Assets/Kevin Iglesias/Basic Motions Pack/AnimationControllers/BasicMotions@Sprint.controller using Guid(6cc513001c84c714baa94b6d24a332c4) Importer(815301076,1909f56bfc062723c751e8b465ee728b)  -> (artifact id: '4a718fffe0f227d03b9eead501e6d9cf') in 0.003585 seconds
  Import took 0.005447 seconds .

========================================================================
Received Import Request.
  Time since last request: 7.542878 seconds.
  path: Assets/Kevin Iglesias/Basic Motions Pack/AnimationControllers
  artifactKey: Guid(2772e80ca8ca2eb438c6fad54e343aca) Importer(815301076,1909f56bfc062723c751e8b465ee728b)
Start importing Assets/Kevin Iglesias/Basic Motions Pack/AnimationControllers using Guid(2772e80ca8ca2eb438c6fad54e343aca) Importer(815301076,1909f56bfc062723c751e8b465ee728b)  -> (artifact id: 'e59453c3527e2611f814f40a7a2f8304') in 0.005791 seconds
  Import took 0.007611 seconds .

========================================================================
Received Prepare
Reloading mono domain
Begin MonoManager ReloadAssembly
Registering precompiled unity dll's ...
Register platform support module: C:/Program Files/Unity/Hub/Editor/2020.2.0b2/Editor/Data/PlaybackEngines/WebGLSupport/UnityEditor.WebGL.Extensions.dll
Register platform support module: C:/Program Files/Unity/Hub/Editor/2020.2.0b2/Editor/Data/PlaybackEngines/MacStandaloneSupport/UnityEditor.OSXStandalone.Extensions.dll
Register platform support module: C:/Program Files/Unity/Hub/Editor/2020.2.0b2/Editor/Data/PlaybackEngines/WindowsStandaloneSupport/UnityEditor.WindowsStandalone.Extensions.dll
Register platform support module: C:/Program Files/Unity/Hub/Editor/2020.2.0b2/Editor/Data/PlaybackEngines/LinuxStandaloneSupport/UnityEditor.LinuxStandalone.Extensions.dll
Registered in 0.002282 seconds.
Symbol file LoadedFromMemory doesn't match image C:\Users\Alberto\Repos\Animator\Library\PackageCache\com.unity.ext.nunit@1.0.0\net35\unity-custom\nunit.framework.dll
Native extension for LinuxStandalone target not found
Native extension for WindowsStandalone target not found
Native extension for OSXStandalone target not found
Native extension for WebGL target not found
Refreshing native plugins compatible for Editor in 19.20 ms, found 0 plugins.
Preloading 0 native plugins for Editor in 0.00 ms.
Invoked RoslynAnalysisRunner static constructor.
RoslynAnalysisRunner will not be running.
RoslynAnalysisRunner has terminated.
Mono: successfully reloaded assembly
- Completed reload, in  0.668 seconds
Registering precompiled user dll's ...
Registered in 0.037256 seconds.
Platform modules already initialized, skipping
Begin MonoManager ReloadAssembly
Symbol file LoadedFromMemory doesn't match image C:\Users\Alberto\Repos\Animator\Library\PackageCache\com.unity.ext.nunit@1.0.0\net35\unity-custom\nunit.framework.dll
Native extension for LinuxStandalone target not found
Native extension for WindowsStandalone target not found
Native extension for OSXStandalone target not found
Native extension for WebGL target not found
Refreshing native plugins compatible for Editor in 0.18 ms, found 0 plugins.
Preloading 0 native plugins for Editor in 0.00 ms.
Invoked RoslynAnalysisRunner static constructor.
RoslynAnalysisRunner will not be running.
RoslynAnalysisRunner has terminated.
Mono: successfully reloaded assembly
- Completed reload, in  0.661 seconds
Platform modules already initialized, skipping
Refreshing native plugins compatible for Editor in 0.17 ms, found 0 plugins.
Preloading 0 native plugins for Editor in 0.00 ms.
Unloading 6 Unused Serialized files (Serialized files now loaded: 0)
System memory in use before: 36.5 MB.
System memory in use after: 36.6 MB.

Unloading 5 unused Assets to reduce memory usage. Loaded Objects now: 1535.
Total: 1.523100 ms (FindLiveObjects: 0.269600 ms CreateObjectMapping: 0.038500 ms MarkObjects: 1.170700 ms  DeleteObjects: 0.043400 ms)

========================================================================
Received Import Request.
  Time since last request: 86.734164 seconds.
  path: Assets/Kevin Iglesias/Basic Motions Pack/Animations/BasicMotions@Walk01.fbx
  artifactKey: Guid(6e2bfa8498b0db840865dd4eb42ce0ad) Importer(815301076,1909f56bfc062723c751e8b465ee728b)
Start importing Assets/Kevin Iglesias/Basic Motions Pack/Animations/BasicMotions@Walk01.fbx using Guid(6e2bfa8498b0db840865dd4eb42ce0ad) Importer(815301076,1909f56bfc062723c751e8b465ee728b)  -> (artifact id: '5d95f042a9733c371ac53b5e9f5eea57') in 0.079637 seconds
  Import took 0.082265 seconds .

========================================================================
Received Import Request.
  Time since last request: 4.822134 seconds.
  path: Assets/Kevin Iglesias/Basic Motions Pack/Animations
  artifactKey: Guid(7eb11f9df068c2b45bc52cfc0d6e3f25) Importer(815301076,1909f56bfc062723c751e8b465ee728b)
Start importing Assets/Kevin Iglesias/Basic Motions Pack/Animations using Guid(7eb11f9df068c2b45bc52cfc0d6e3f25) Importer(815301076,1909f56bfc062723c751e8b465ee728b)  -> (artifact id: '7b9c42d26966c16a3aa4e6b7f785c3a9') in 0.005934 seconds
  Import took 0.007780 seconds .

========================================================================
Received Import Request.
  Time since last request: 18.244026 seconds.
  path: Assets/Kevin Iglesias/Basic Motions Pack/Animations/T-Elicopter.anim
  artifactKey: Guid(2f897f25c1ac99f4db1401c22b9c73e0) Importer(815301076,1909f56bfc062723c751e8b465ee728b)
Start importing Assets/Kevin Iglesias/Basic Motions Pack/Animations/T-Elicopter.anim using Guid(2f897f25c1ac99f4db1401c22b9c73e0) Importer(815301076,1909f56bfc062723c751e8b465ee728b)  -> (artifact id: 'bd80f66a689379d4b63cc898c0b87592') in 0.007480 seconds
  Import took 0.009463 seconds .

========================================================================
Received Import Request.
  Time since last request: 90.742022 seconds.
  path: Assets/Kevin Iglesias/Basic Motions Pack/Prefabs/Basic Motions Dummy - Jump.prefab
  artifactKey: Guid(b7b4d563a6801284ea7f3190ff6ec97f) Importer(815301076,1909f56bfc062723c751e8b465ee728b)
Start importing Assets/Kevin Iglesias/Basic Motions Pack/Prefabs/Basic Motions Dummy - Jump.prefab using Guid(b7b4d563a6801284ea7f3190ff6ec97f) Importer(815301076,1909f56bfc062723c751e8b465ee728b)  -> (artifact id: '6799fc492afb31453137a8a33e2e2d82') in 0.155171 seconds
  Import took 0.157501 seconds .

========================================================================
Received Import Request.
  Time since last request: 6.500508 seconds.
  path: Assets/Kevin Iglesias/Basic Motions Pack/Prefabs/Basic Motions Dummy - T-Elicopter.prefab
  artifactKey: Guid(143853042c9b42241b3e1b57932a5e68) Importer(815301076,1909f56bfc062723c751e8b465ee728b)
Start importing Assets/Kevin Iglesias/Basic Motions Pack/Prefabs/Basic Motions Dummy - T-Elicopter.prefab using Guid(143853042c9b42241b3e1b57932a5e68) Importer(815301076,1909f56bfc062723c751e8b465ee728b)  -> (artifact id: '84b91feca7e6432b24a54b0ca6d25771') in 0.022804 seconds
  Import took 0.025203 seconds .

========================================================================
Received Import Request.
  Time since last request: 281.754047 seconds.
  path: Assets/Kevin Iglesias/Basic Motions Pack/Models/Basic Motions Dummy.fbx
  artifactKey: Guid(5917c0e93d180a842b61d1ebc62a195c) Importer(815301076,1909f56bfc062723c751e8b465ee728b)
Start importing Assets/Kevin Iglesias/Basic Motions Pack/Models/Basic Motions Dummy.fbx using Guid(5917c0e93d180a842b61d1ebc62a195c) Importer(815301076,1909f56bfc062723c751e8b465ee728b)  -> (artifact id: 'd28bc15b575ab5a3c50a6458a893d3f1') in 0.225278 seconds
  Import took 0.227919 seconds .

AssetImportWorkerClient::OnTransportError - code=2 error=End of file
